{"level":"info","time":"2022-03-07T17:59:42.154+0800","linenum":"D:/GoPrj/watchman/src/main.go:80","msg":"Wathman is starting!","serviceName":"serviceName"}
{"level":"info","time":"2022-03-07T18:04:32.079+0800","linenum":"D:/GoPrj/watchman/src/main.go:84","msg":"Wathman is starting!","servicename":"mabowatchman"}
{"level":"info","time":"2022-03-08T09:18:00.452+0800","linenum":"D:/GoPrj/watchman-go/src/main.go:92","msg":"Wathman is starting!","servicename":"mabowatchman"}
{"level":"info","time":"2022-03-08T09:18:09.031+0800","linenum":"D:/GoPrj/watchman-go/src/main.go:109","msg":"modified file:D:\\GoPrj\\abc\\abc.txt","servicename":"mabowatchman"}
{"level":"info","time":"2022-03-08T09:18:09.033+0800","linenum":"D:/GoPrj/watchman-go/src/main.go:133","msg":"Config update successful","servicename":"mabowatchman"}
{"level":"info","time":"2022-03-08T09:25:40.018+0800","linenum":"D:/GoPrj/watchman-go/src/main.go:93","msg":"Wathman is starting!","servicename":"mabowatchman"}
{"level":"info","time":"2022-03-08T09:25:54.532+0800","linenum":"D:/GoPrj/watchman-go/src/main.go:110","msg":"modified file:D:\\GoPrj\\abc\\abc.txt","servicename":"mabowatchman"}
{"level":"info","time":"2022-03-08T09:25:54.533+0800","linenum":"D:/GoPrj/watchman-go/src/main.go:122","msg":"D:\\GoPrj\\abc\\abc.txt","servicename":"mabowatchman","content":["mabo"]}
{"level":"info","time":"2022-03-08T09:25:54.534+0800","linenum":"D:/GoPrj/watchman-go/src/main.go:135","msg":"Config update successful","servicename":"mabowatchman"}
{"level":"info","time":"2022-03-08T09:54:39.094+0800","linenum":"D:/GoPrj/watchman-go/src/main.go:111","msg":"Wathman is starting!","servicename":"mabowatchman"}
{"level":"error","time":"2022-03-08T09:54:39.096+0800","linenum":"D:/GoPrj/watchman-go/src/main.go:49","msg":"udp连接失败","servicename":"mabowatchman","reason":"dial udp4 ?3132372e302e302e31:555555: address ?3132372e302e302e31: non-IPv4 address"}
{"level":"info","time":"2022-03-08T10:00:21.733+0800","linenum":"D:/GoPrj/watchman-go/src/main.go:110","msg":"Wathman is starting!","servicename":"mabowatchman"}
{"level":"info","time":"2022-03-08T10:01:45.782+0800","linenum":"D:/GoPrj/watchman-go/src/main.go:127","msg":"modified file:D:\\GoPrj\\abc\\abc.txt","servicename":"mabowatchman"}
{"level":"info","time":"2022-03-08T10:01:45.784+0800","linenum":"D:/GoPrj/watchman-go/src/main.go:139","msg":"D:\\GoPrj\\abc\\abc.txt","servicename":"mabowatchman","content":["555"]}
{"level":"error","time":"2022-03-08T10:01:45.806+0800","linenum":"D:/GoPrj/watchman-go/src/main.go:53","msg":"udp连接失败","servicename":"mabowatchman","reason":"dial udp4 ?3132372e302e302e31:60000: address ?3132372e302e302e31: non-IPv4 address"}
{"level":"info","time":"2022-03-08T10:12:33.698+0800","linenum":"D:/GoPrj/watchman-go/src/main.go:107","msg":"Wathman is starting!","servicename":"mabowatchman"}
{"level":"info","time":"2022-03-08T10:12:44.573+0800","linenum":"D:/GoPrj/watchman-go/src/main.go:124","msg":"modified file:D:\\GoPrj\\abc\\abc.txt","servicename":"mabowatchman"}
{"level":"info","time":"2022-03-08T10:12:44.575+0800","linenum":"D:/GoPrj/watchman-go/src/main.go:136","msg":"D:\\GoPrj\\abc\\abc.txt","servicename":"mabowatchman","content":["589"]}
{"level":"info","time":"2022-03-08T10:12:44.590+0800","linenum":"D:/GoPrj/watchman-go/src/main.go:60","msg":"UDP数据发送成功","servicename":"mabowatchman","content":"589"}
{"level":"info","time":"2022-03-08T10:13:21.736+0800","linenum":"D:/GoPrj/watchman-go/src/main.go:124","msg":"modified file:D:\\GoPrj\\abc\\abc.txt","servicename":"mabowatchman"}
{"level":"info","time":"2022-03-08T10:13:21.738+0800","linenum":"D:/GoPrj/watchman-go/src/main.go:136","msg":"D:\\GoPrj\\abc\\abc.txt","servicename":"mabowatchman","content":["gogogog"]}
{"level":"info","time":"2022-03-08T10:13:21.749+0800","linenum":"D:/GoPrj/watchman-go/src/main.go:60","msg":"UDP数据发送成功","servicename":"mabowatchman","content":"gogogog"}
{"level":"info","time":"2022-03-08T10:43:10.705+0800","linenum":"D:/GoPrj/watchman-go/src/main.go:108","msg":"WathMan is starting!","servicename":"mabowatchman"}
{"level":"info","time":"2022-03-08T10:43:23.099+0800","linenum":"D:/GoPrj/watchman-go/src/main.go:125","msg":"modified file:D:\\GoPrj\\abc\\abc.txt","servicename":"mabowatchman"}
{"level":"info","time":"2022-03-08T10:43:23.101+0800","linenum":"D:/GoPrj/watchman-go/src/main.go:141","msg":"D:\\GoPrj\\abc\\abc.txt","servicename":"mabowatchman","content":["596"]}
{"level":"info","time":"2022-03-08T10:43:23.126+0800","linenum":"D:/GoPrj/watchman-go/src/main.go:61","msg":"UDP数据发送成功","servicename":"mabowatchman","content":""}
{"level":"info","time":"2022-03-08T10:44:37.745+0800","linenum":"D:/GoPrj/watchman-go/src/main.go:110","msg":"WathMan is starting!","servicename":"mabowatchman"}
{"level":"info","time":"2022-03-08T10:44:50.206+0800","linenum":"D:/GoPrj/watchman-go/src/main.go:127","msg":"modified file:D:\\GoPrj\\abc\\abc.txt","servicename":"mabowatchman"}
{"level":"info","time":"2022-03-08T10:44:50.207+0800","linenum":"D:/GoPrj/watchman-go/src/main.go:143","msg":"D:\\GoPrj\\abc\\abc.txt","servicename":"mabowatchman","content":["695"]}
{"level":"info","time":"2022-03-08T10:44:50.220+0800","linenum":"D:/GoPrj/watchman-go/src/main.go:63","msg":"UDP数据发送成功","servicename":"mabowatchman","content":""}
{"level":"info","time":"2022-03-08T10:46:11.807+0800","linenum":"D:/GoPrj/watchman-go/src/main.go:110","msg":"WathMan is starting!","servicename":"mabowatchman"}
{"level":"info","time":"2022-03-08T10:46:18.656+0800","linenum":"D:/GoPrj/watchman-go/src/main.go:127","msg":"modified file:D:\\GoPrj\\abc\\abc.txt","servicename":"mabowatchman"}
{"level":"info","time":"2022-03-08T10:46:18.657+0800","linenum":"D:/GoPrj/watchman-go/src/main.go:143","msg":"D:\\GoPrj\\abc\\abc.txt","servicename":"mabowatchman","content":["989"]}
{"level":"info","time":"2022-03-08T10:46:18.671+0800","linenum":"D:/GoPrj/watchman-go/src/main.go:63","msg":"UDP数据发送成功","servicename":"mabowatchman","content":""}
{"level":"info","time":"2022-03-08T10:52:30.903+0800","linenum":"D:/GoPrj/watchman-go/src/main.go:115","msg":"WathMan is starting!","servicename":"mabowatchman"}
{"level":"info","time":"2022-03-08T10:52:36.272+0800","linenum":"D:/GoPrj/watchman-go/src/main.go:132","msg":"modified file:D:\\GoPrj\\abc\\abc.txt","servicename":"mabowatchman"}
{"level":"info","time":"2022-03-08T10:52:36.274+0800","linenum":"D:/GoPrj/watchman-go/src/main.go:148","msg":"D:\\GoPrj\\abc\\abc.txt","servicename":"mabowatchman","content":["888"]}
{"level":"info","time":"2022-03-08T10:52:36.298+0800","linenum":"D:/GoPrj/watchman-go/src/main.go:68","msg":"UDP数据发送成功","servicename":"mabowatchman","filename":"D:\\GoPrj\\abc\\abc.txt","content":["888"]}
{"level":"info","time":"2022-03-08T10:55:03.525+0800","linenum":"D:/GoPrj/watchman-go/src/main.go:116","msg":"WathMan is starting!","servicename":"mabowatchman"}
{"level":"info","time":"2022-03-08T10:55:08.505+0800","linenum":"D:/GoPrj/watchman-go/src/main.go:133","msg":"modified file:D:\\GoPrj\\abc\\abc.txt","servicename":"mabowatchman"}
{"level":"info","time":"2022-03-08T10:55:08.506+0800","linenum":"D:/GoPrj/watchman-go/src/main.go:149","msg":"D:\\GoPrj\\abc\\abc.txt","servicename":"mabowatchman","content":["999"]}
{"level":"info","time":"2022-03-08T10:55:08.557+0800","linenum":"D:/GoPrj/watchman-go/src/main.go:69","msg":"UDP数据发送成功","servicename":"mabowatchman","filename":"D:\\GoPrj\\abc\\abc.txt","content":["999"]}
{"level":"info","time":"2022-03-08T10:58:46.233+0800","linenum":"D:/GoPrj/watchman-go/src/main.go:116","msg":"WathMan is starting!","servicename":"mabowatchman"}
{"level":"info","time":"2022-03-08T10:58:50.362+0800","linenum":"D:/GoPrj/watchman-go/src/main.go:133","msg":"modified file:D:\\GoPrj\\abc\\abc.txt","servicename":"mabowatchman"}
{"level":"info","time":"2022-03-08T10:58:50.364+0800","linenum":"D:/GoPrj/watchman-go/src/main.go:149","msg":"D:\\GoPrj\\abc\\abc.txt","servicename":"mabowatchman","content":["8787"]}
{"level":"info","time":"2022-03-08T10:58:50.403+0800","linenum":"D:/GoPrj/watchman-go/src/main.go:69","msg":"UDP数据发送成功","servicename":"mabowatchman","filename":"D:\\GoPrj\\abc\\abc.txt","content":["8787"]}
{"level":"info","time":"2022-03-08T10:59:05.166+0800","linenum":"D:/GoPrj/watchman-go/src/main.go:133","msg":"modified file:D:\\GoPrj\\abc\\abc.txt","servicename":"mabowatchman"}
{"level":"info","time":"2022-03-08T10:59:05.168+0800","linenum":"D:/GoPrj/watchman-go/src/main.go:149","msg":"D:\\GoPrj\\abc\\abc.txt","servicename":"mabowatchman","content":["6464","88aaa"]}
{"level":"info","time":"2022-03-08T10:59:05.179+0800","linenum":"D:/GoPrj/watchman-go/src/main.go:69","msg":"UDP数据发送成功","servicename":"mabowatchman","filename":"D:\\GoPrj\\abc\\abc.txt","content":["6464","88aaa"]}
{"level":"info","time":"2022-03-08T11:01:16.580+0800","linenum":"D:/GoPrj/watchman-go/src/main.go:116","msg":"WathMan is starting!","servicename":"mabowatchman"}
{"level":"info","time":"2022-03-08T11:01:21.264+0800","linenum":"D:/GoPrj/watchman-go/src/main.go:133","msg":"modified file:D:\\GoPrj\\abc\\abc.txt","servicename":"mabowatchman"}
{"level":"info","time":"2022-03-08T11:01:21.266+0800","linenum":"D:/GoPrj/watchman-go/src/main.go:149","msg":"D:\\GoPrj\\abc\\abc.txt","servicename":"mabowatchman","content":["4848"]}
{"level":"info","time":"2022-03-08T11:01:21.279+0800","linenum":"D:/GoPrj/watchman-go/src/main.go:69","msg":"UDP数据发送成功","servicename":"mabowatchman","filename":"D:\\GoPrj\\abc\\abc.txt","content":["4848"]}
{"level":"info","time":"2022-03-08T11:09:48.165+0800","linenum":"D:/GoPrj/watchman-go/src/main.go:112","msg":"WathMan is starting!","servicename":"mabowatchman"}
{"level":"info","time":"2022-03-08T11:10:14.244+0800","linenum":"D:/GoPrj/watchman-go/src/main.go:129","msg":"modified file:D:\\GoPrj\\abc\\abc.txt","servicename":"mabowatchman"}
{"level":"info","time":"2022-03-08T11:10:14.244+0800","linenum":"D:/GoPrj/watchman-go/src/main.go:140","msg":"This file is not in watchlist, skip...","servicename":"mabowatchman"}
{"level":"info","time":"2022-03-08T11:10:41.235+0800","linenum":"D:/GoPrj/watchman-go/src/main.go:129","msg":"modified file:D:\\GoPrj\\abc\\abc.txt","servicename":"mabowatchman"}
{"level":"info","time":"2022-03-08T11:10:41.237+0800","linenum":"D:/GoPrj/watchman-go/src/main.go:140","msg":"This file is not in watchlist, skip...","servicename":"mabowatchman"}
{"level":"info","time":"2022-03-08T11:10:49.260+0800","linenum":"D:/GoPrj/watchman-go/src/main.go:112","msg":"WathMan is starting!","servicename":"mabowatchman"}
{"level":"info","time":"2022-03-08T11:10:55.408+0800","linenum":"D:/GoPrj/watchman-go/src/main.go:129","msg":"modified file:D:\\GoPrj\\abc\\abc.txt","servicename":"mabowatchman"}
{"level":"info","time":"2022-03-08T11:10:55.410+0800","linenum":"D:/GoPrj/watchman-go/src/main.go:155","msg":"D:\\GoPrj\\abc\\abc.txt","servicename":"mabowatchman","content":["999","i love you"]}
{"level":"info","time":"2022-03-08T11:10:55.423+0800","linenum":"D:/GoPrj/watchman-go/src/main.go:65","msg":"UDP数据发送成功","servicename":"mabowatchman","filename":"D:\\GoPrj\\abc\\abc.txt","content":["999","i love you"]}
{"level":"info","time":"2022-03-08T11:11:22.102+0800","linenum":"D:/GoPrj/watchman-go/src/main.go:112","msg":"WathMan is starting!","servicename":"mabowatchman"}
{"level":"info","time":"2022-03-08T11:11:55.805+0800","linenum":"D:/GoPrj/watchman-go/src/main.go:129","msg":"modified file:D:\\GoPrj\\abc\\aaane.txt","servicename":"mabowatchman"}
{"level":"info","time":"2022-03-08T11:11:55.806+0800","linenum":"D:/GoPrj/watchman-go/src/main.go:155","msg":"D:\\GoPrj\\abc\\aaane.txt","servicename":"mabowatchman","content":["iaam333"]}
{"level":"info","time":"2022-03-08T11:11:55.819+0800","linenum":"D:/GoPrj/watchman-go/src/main.go:65","msg":"UDP数据发送成功","servicename":"mabowatchman","filename":"D:\\GoPrj\\abc\\aaane.txt","content":["iaam333"]}
